<?xml version="1.0" encoding="UTF-8"?>
<!-- Generated by org.testng.reporters.JUnitReportReporter -->
<testsuite hostname="LAPTOP-LRA4M34E" failures="0" tests="1" name="testCases.TC_001_AccountRegistrationTest" time="3.230" errors="0" timestamp="2023-06-05T17:10:07 IST" skipped="0">
  <testcase classname="testCases.TC_001_AccountRegistrationTest" name="test_account_registration" time="3.230"/>
  <system-out/>
</testsuite> <!-- testCases.TC_001_AccountRegistrationTest -->
