<?xml version="1.0" encoding="UTF-8"?>
<!-- Generated by org.testng.reporters.JUnitReportReporter -->
<testsuite hostname="LAPTOP-LRA4M34E" failures="0" tests="1" name="testCases.TC_002_LoginTest" time="0.931" errors="0" timestamp="2023-06-05T22:22:24 IST" skipped="0">
  <testcase classname="testCases.TC_002_LoginTest" name="test_login" time="0.931"/>
  <system-out/>
</testsuite> <!-- testCases.TC_002_LoginTest -->
